[0m16:41:51.475371 [debug] [MainThread]: Sending event: {'category': 'dbt', 'action': 'invocation', 'label': 'start', 'context': [<snowplow_tracker.self_describing_json.SelfDescribingJson object at 0x7fa0e19add90>, <snowplow_tracker.self_describing_json.SelfDescribingJson object at 0x7fa0e19adfd0>, <snowplow_tracker.self_describing_json.SelfDescribingJson object at 0x7fa0e19adf90>]}


============================== 16:41:51.479664 | f58b4e85-452a-474d-a920-7ee062798ee7 ==============================
[0m16:41:51.479664 [info ] [MainThread]: Running with dbt=1.5.11
[0m16:41:51.480235 [debug] [MainThread]: running dbt with arguments {'printer_width': '80', 'indirect_selection': 'eager', 'write_json': 'True', 'log_cache_events': 'False', 'partial_parse': 'True', 'cache_selected_only': 'False', 'warn_error': 'None', 'debug': 'False', 'fail_fast': 'False', 'log_path': 'logs', 'version_check': 'True', 'profiles_dir': '/Users/rajat/.dbt', 'use_colors': 'True', 'use_experimental_parser': 'False', 'no_print': 'None', 'quiet': 'False', 'warn_error_options': 'WarnErrorOptions(include=[], exclude=[])', 'static_parser': 'True', 'log_format': 'default', 'introspect': 'True', 'target_path': 'None', 'send_anonymous_usage_stats': 'True'}
[0m16:41:51.480839 [error] [MainThread]: Encountered an error:
Runtime Error
  No dbt_project.yml found at expected path /Users/rajat/Documents/MyProjects/iCIMS-assignment/icims-de-assignment/dbt_project.yml
  Verify that each entry within packages.yml (and their transitive dependencies) contains a file named dbt_project.yml
  
[0m16:41:51.481884 [debug] [MainThread]: Command `dbt run` failed at 16:41:51.481446 after 0.06 seconds
[0m16:41:51.482216 [debug] [MainThread]: Sending event: {'category': 'dbt', 'action': 'invocation', 'label': 'end', 'context': [<snowplow_tracker.self_describing_json.SelfDescribingJson object at 0x7fa0e19adf10>, <snowplow_tracker.self_describing_json.SelfDescribingJson object at 0x7fa0e19be690>, <snowplow_tracker.self_describing_json.SelfDescribingJson object at 0x7fa0e19be7d0>]}
[0m16:41:51.482521 [debug] [MainThread]: Flushing usage events
[0m16:42:09.922155 [debug] [MainThread]: Sending event: {'category': 'dbt', 'action': 'invocation', 'label': 'start', 'context': [<snowplow_tracker.self_describing_json.SelfDescribingJson object at 0x7f92d2285710>, <snowplow_tracker.self_describing_json.SelfDescribingJson object at 0x7f92d2295290>, <snowplow_tracker.self_describing_json.SelfDescribingJson object at 0x7f92d22951d0>]}


============================== 16:42:09.926546 | 19a16104-e04b-41b4-a2f5-83864f30f7f7 ==============================
[0m16:42:09.926546 [info ] [MainThread]: Running with dbt=1.5.11
[0m16:42:09.927139 [debug] [MainThread]: running dbt with arguments {'printer_width': '80', 'indirect_selection': 'eager', 'write_json': 'True', 'log_cache_events': 'False', 'partial_parse': 'True', 'cache_selected_only': 'False', 'profiles_dir': '/Users/rajat/.dbt', 'fail_fast': 'False', 'warn_error': 'None', 'log_path': 'logs', 'debug': 'False', 'version_check': 'True', 'use_colors': 'True', 'use_experimental_parser': 'False', 'no_print': 'None', 'quiet': 'False', 'warn_error_options': 'WarnErrorOptions(include=[], exclude=[])', 'static_parser': 'True', 'introspect': 'True', 'log_format': 'default', 'target_path': 'None', 'send_anonymous_usage_stats': 'True'}
[0m16:42:09.927717 [error] [MainThread]: Encountered an error:
Runtime Error
  No dbt_project.yml found at expected path /Users/rajat/Documents/MyProjects/iCIMS-assignment/icims-de-assignment/dbt_project.yml
  Verify that each entry within packages.yml (and their transitive dependencies) contains a file named dbt_project.yml
  
[0m16:42:09.928702 [debug] [MainThread]: Command `dbt run` failed at 16:42:09.928288 after 0.06 seconds
[0m16:42:09.929030 [debug] [MainThread]: Sending event: {'category': 'dbt', 'action': 'invocation', 'label': 'end', 'context': [<snowplow_tracker.self_describing_json.SelfDescribingJson object at 0x7f92d2295450>, <snowplow_tracker.self_describing_json.SelfDescribingJson object at 0x7f92d22954d0>, <snowplow_tracker.self_describing_json.SelfDescribingJson object at 0x7f92d2295810>]}
[0m16:42:09.929337 [debug] [MainThread]: Flushing usage events
[0m16:51:27.322875 [debug] [MainThread]: Sending event: {'category': 'dbt', 'action': 'invocation', 'label': 'start', 'context': [<snowplow_tracker.self_describing_json.SelfDescribingJson object at 0x7fbe71e3ed90>, <snowplow_tracker.self_describing_json.SelfDescribingJson object at 0x7fbe71e3ef50>, <snowplow_tracker.self_describing_json.SelfDescribingJson object at 0x7fbe71e3efd0>]}


============================== 16:51:27.327377 | b2e6a992-9b82-494e-9997-fbff2d713add ==============================
[0m16:51:27.327377 [info ] [MainThread]: Running with dbt=1.5.11
[0m16:51:27.327959 [debug] [MainThread]: running dbt with arguments {'printer_width': '80', 'indirect_selection': 'eager', 'log_cache_events': 'False', 'write_json': 'True', 'partial_parse': 'True', 'cache_selected_only': 'False', 'warn_error': 'None', 'version_check': 'True', 'debug': 'False', 'log_path': 'logs', 'fail_fast': 'False', 'profiles_dir': '/Users/rajat/.dbt', 'use_colors': 'True', 'use_experimental_parser': 'False', 'no_print': 'None', 'quiet': 'False', 'log_format': 'default', 'static_parser': 'True', 'warn_error_options': 'WarnErrorOptions(include=[], exclude=[])', 'introspect': 'True', 'target_path': 'None', 'send_anonymous_usage_stats': 'True'}
[0m16:51:27.328577 [error] [MainThread]: Encountered an error:
Runtime Error
  No dbt_project.yml found at expected path /Users/rajat/Documents/MyProjects/iCIMS-assignment/icims-de-assignment/dbt_project.yml
  Verify that each entry within packages.yml (and their transitive dependencies) contains a file named dbt_project.yml
  
[0m16:51:27.329637 [debug] [MainThread]: Command `dbt run` failed at 16:51:27.329197 after 0.06 seconds
[0m16:51:27.329972 [debug] [MainThread]: Sending event: {'category': 'dbt', 'action': 'invocation', 'label': 'end', 'context': [<snowplow_tracker.self_describing_json.SelfDescribingJson object at 0x7fbe71e3ef10>, <snowplow_tracker.self_describing_json.SelfDescribingJson object at 0x7fbe78398f10>, <snowplow_tracker.self_describing_json.SelfDescribingJson object at 0x7fbe7838e610>]}
[0m16:51:27.330266 [debug] [MainThread]: Flushing usage events
[0m17:03:50.277747 [debug] [MainThread]: Sending event: {'category': 'dbt', 'action': 'invocation', 'label': 'start', 'context': [<snowplow_tracker.self_describing_json.SelfDescribingJson object at 0x7f78f1bc5d10>, <snowplow_tracker.self_describing_json.SelfDescribingJson object at 0x7f78f1bc5f10>, <snowplow_tracker.self_describing_json.SelfDescribingJson object at 0x7f78f1bc5f90>]}


============================== 17:03:50.283123 | 072d33c3-d1a3-4f7c-bf7b-1932b8cb20e1 ==============================
[0m17:03:50.283123 [info ] [MainThread]: Running with dbt=1.5.11
[0m17:03:50.283788 [debug] [MainThread]: running dbt with arguments {'printer_width': '80', 'indirect_selection': 'eager', 'log_cache_events': 'False', 'write_json': 'True', 'partial_parse': 'True', 'cache_selected_only': 'False', 'profiles_dir': '/Users/rajat/.dbt', 'fail_fast': 'False', 'warn_error': 'None', 'log_path': 'logs', 'version_check': 'True', 'debug': 'False', 'use_colors': 'True', 'use_experimental_parser': 'False', 'no_print': 'None', 'quiet': 'False', 'warn_error_options': 'WarnErrorOptions(include=[], exclude=[])', 'static_parser': 'True', 'log_format': 'default', 'introspect': 'True', 'target_path': 'None', 'send_anonymous_usage_stats': 'True'}
[0m17:03:50.284429 [error] [MainThread]: Encountered an error:
Runtime Error
  No dbt_project.yml found at expected path /Users/rajat/Documents/MyProjects/iCIMS-assignment/icims-de-assignment/dbt_project.yml
  Verify that each entry within packages.yml (and their transitive dependencies) contains a file named dbt_project.yml
  
[0m17:03:50.285523 [debug] [MainThread]: Command `dbt run` failed at 17:03:50.285040 after 0.07 seconds
[0m17:03:50.285880 [debug] [MainThread]: Sending event: {'category': 'dbt', 'action': 'invocation', 'label': 'end', 'context': [<snowplow_tracker.self_describing_json.SelfDescribingJson object at 0x7f78f1be3fd0>, <snowplow_tracker.self_describing_json.SelfDescribingJson object at 0x7f78f1bd64d0>, <snowplow_tracker.self_describing_json.SelfDescribingJson object at 0x7f78f1bd6490>]}
[0m17:03:50.286203 [debug] [MainThread]: Flushing usage events
